<?xml version="1.0" encoding="UTF-8"?>
<!-- Generated by org.testng.reporters.JUnitReportReporter -->
<testsuite hostname="DESKTOP-68K6PMG" failures="0" tests="1" name="SBG_Selenium.SBG.Materials" time="0.011" errors="0" timestamp="2021-03-26T18:02:04 IST" skipped="0">
  <testcase classname="SBG_Selenium.SBG.Materials" name="Add_New_Material" time="0.011"/>
  <system-out/>
</testsuite> <!-- SBG_Selenium.SBG.Materials -->
