<?xml version="1.0" encoding="UTF-8"?>
<!-- Generated by org.testng.reporters.JUnitReportReporter -->
<testsuite hostname="DESKTOP-68K6PMG" failures="0" tests="1" name="SBG_Selenium.SBG.Browser_Launch" time="4.604" errors="0" timestamp="2021-03-29T09:53:16 IST" skipped="0">
  <testcase classname="SBG_Selenium.SBG.Browser_Launch" name="Browser_Config" time="4.604"/>
  <system-out/>
</testsuite> <!-- SBG_Selenium.SBG.Browser_Launch -->
